Training Monitor Started - 2025-12-29 20:48:59
Checking every 10 minutes...
Log file: C:\Users\Tharindu Nandun\Desktop\Research\Research\ml\notebooks\leaf_diseases\training_output.log
Progress file: C:\Users\Tharindu Nandun\Desktop\Research\Research\ml\notebooks\leaf_diseases\training_progress.txt

============================================================
 TRAINING PROGRESS UPDATE - 2025-12-29 20:48:59
============================================================
Status: Running
Current Cell: Unknown
============================================================

Next check in 10 minutes... (Iteration 1)

============================================================
 TRAINING PROGRESS UPDATE - 2025-12-29 20:58:59
============================================================
Status: Running
Current Cell: Unknown
============================================================

Next check in 10 minutes... (Iteration 2)

============================================================
 TRAINING PROGRESS UPDATE - 2025-12-29 21:08:59
============================================================
Status: Running
Current Cell: Unknown
============================================================

Next check in 10 minutes... (Iteration 3)

============================================================
 TRAINING PROGRESS UPDATE - 2025-12-29 21:18:59
============================================================
Status: Running
Current Cell: Unknown
============================================================

Next check in 10 minutes... (Iteration 4)

============================================================
 TRAINING PROGRESS UPDATE - 2025-12-29 21:28:59
============================================================
Status: Running
Current Cell: Unknown
============================================================

Next check in 10 minutes... (Iteration 5)

============================================================
 TRAINING PROGRESS UPDATE - 2025-12-29 21:38:59
============================================================
Status: Running
Current Cell: Unknown
============================================================

Next check in 10 minutes... (Iteration 6)

============================================================
 TRAINING PROGRESS UPDATE - 2025-12-29 21:48:59
============================================================
Status: Running
Current Cell: Unknown
============================================================

Next check in 10 minutes... (Iteration 7)

============================================================
 TRAINING PROGRESS UPDATE - 2025-12-29 21:58:59
============================================================
Status: Running
Current Cell: Unknown
============================================================

Next check in 10 minutes... (Iteration 8)

============================================================
 TRAINING PROGRESS UPDATE - 2025-12-29 22:08:59
============================================================
Status: Running
Current Cell: Unknown
============================================================

Next check in 10 minutes... (Iteration 9)

============================================================
 TRAINING PROGRESS UPDATE - 2025-12-29 22:18:59
============================================================
Status: Running
Current Cell: Unknown
============================================================

Next check in 10 minutes... (Iteration 10)

============================================================
 TRAINING PROGRESS UPDATE - 2025-12-29 22:28:59
============================================================
Status: Running
Current Cell: Unknown
============================================================

Next check in 10 minutes... (Iteration 11)

============================================================
 TRAINING PROGRESS UPDATE - 2025-12-29 22:38:59
============================================================
Status: Running
Current Cell: Unknown
============================================================

Next check in 10 minutes... (Iteration 12)

============================================================
 TRAINING PROGRESS UPDATE - 2025-12-29 22:48:59
============================================================
Status: Running
Current Cell: Unknown
============================================================

Next check in 10 minutes... (Iteration 13)

============================================================
 TRAINING PROGRESS UPDATE - 2025-12-29 22:58:59
============================================================
Status: Running
Current Cell: Unknown
============================================================

Next check in 10 minutes... (Iteration 14)

============================================================
 TRAINING PROGRESS UPDATE - 2025-12-29 23:08:59
============================================================
Status: Running
Current Cell: Unknown
============================================================

Next check in 10 minutes... (Iteration 15)

============================================================
 TRAINING PROGRESS UPDATE - 2025-12-29 23:18:59
============================================================
Status: Running
Current Cell: Unknown
============================================================

Next check in 10 minutes... (Iteration 16)

============================================================
 TRAINING PROGRESS UPDATE - 2025-12-29 23:28:59
============================================================
Status: Running
Current Cell: Unknown
============================================================

Next check in 10 minutes... (Iteration 17)

============================================================
 TRAINING PROGRESS UPDATE - 2025-12-29 23:38:59
============================================================
Status: Running
Current Cell: Unknown
============================================================

Next check in 10 minutes... (Iteration 18)

============================================================
 TRAINING PROGRESS UPDATE - 2025-12-29 23:48:59
============================================================
Status: Running
Current Cell: Unknown
============================================================

Next check in 10 minutes... (Iteration 19)

============================================================
 TRAINING PROGRESS UPDATE - 2025-12-29 23:59:00
============================================================
Status: Running
Current Cell: Unknown
============================================================

Next check in 10 minutes... (Iteration 20)

============================================================
 TRAINING PROGRESS UPDATE - 2025-12-30 00:09:00
============================================================
Status: Running
Current Cell: Unknown
============================================================

Next check in 10 minutes... (Iteration 21)

============================================================
 TRAINING PROGRESS UPDATE - 2025-12-30 00:19:00
============================================================
Status: Running
Current Cell: Unknown
============================================================

Next check in 10 minutes... (Iteration 22)

============================================================
 TRAINING PROGRESS UPDATE - 2025-12-30 00:29:00
============================================================
Status: Running
Current Cell: Unknown
============================================================

Next check in 10 minutes... (Iteration 23)

============================================================
 TRAINING PROGRESS UPDATE - 2025-12-30 00:39:00
============================================================
Status: Running
Current Cell: Unknown
============================================================

Next check in 10 minutes... (Iteration 24)

============================================================
 TRAINING PROGRESS UPDATE - 2025-12-30 00:49:00
============================================================
Status: Running
Current Cell: Unknown
============================================================

Next check in 10 minutes... (Iteration 25)

============================================================
 TRAINING PROGRESS UPDATE - 2025-12-30 00:59:00
============================================================
Status: Running
Current Cell: Unknown
============================================================

Next check in 10 minutes... (Iteration 26)

============================================================
 TRAINING PROGRESS UPDATE - 2025-12-30 01:09:00
============================================================
Status: Running
Current Cell: Unknown
============================================================

Next check in 10 minutes... (Iteration 27)

============================================================
 TRAINING PROGRESS UPDATE - 2025-12-30 01:19:00
============================================================
Status: Running
Current Cell: Unknown
============================================================

Next check in 10 minutes... (Iteration 28)

============================================================
 TRAINING PROGRESS UPDATE - 2025-12-30 01:29:00
============================================================
Status: Running
Current Cell: Unknown
============================================================

Next check in 10 minutes... (Iteration 29)

============================================================
 TRAINING PROGRESS UPDATE - 2025-12-30 01:39:00
============================================================
Status: Running
Current Cell: Unknown
============================================================

Next check in 10 minutes... (Iteration 30)

============================================================
 TRAINING PROGRESS UPDATE - 2025-12-30 01:49:00
============================================================
Status: Running
Current Cell: Unknown
============================================================

Next check in 10 minutes... (Iteration 31)

============================================================
 TRAINING PROGRESS UPDATE - 2025-12-30 01:59:00
============================================================
Status: Running
Current Cell: Unknown
============================================================

Next check in 10 minutes... (Iteration 32)

============================================================
 TRAINING PROGRESS UPDATE - 2025-12-30 02:09:00
============================================================
Status: Running
Current Cell: Unknown
============================================================

Next check in 10 minutes... (Iteration 33)

============================================================
 TRAINING PROGRESS UPDATE - 2025-12-30 02:19:00
============================================================
Status: Running
Current Cell: Unknown
============================================================

Next check in 10 minutes... (Iteration 34)

============================================================
 TRAINING PROGRESS UPDATE - 2025-12-30 02:29:00
============================================================
Status: Running
Current Cell: Unknown
============================================================

Next check in 10 minutes... (Iteration 35)

============================================================
 TRAINING PROGRESS UPDATE - 2025-12-30 02:39:00
============================================================
Status: Running
Current Cell: Unknown
============================================================

Next check in 10 minutes... (Iteration 36)

============================================================
 TRAINING PROGRESS UPDATE - 2025-12-30 02:49:00
============================================================
Status: Running
Current Cell: Unknown
============================================================

Next check in 10 minutes... (Iteration 37)

============================================================
 TRAINING PROGRESS UPDATE - 2025-12-30 02:59:00
============================================================
Status: Running
Current Cell: Unknown
============================================================

Next check in 10 minutes... (Iteration 38)

============================================================
 TRAINING PROGRESS UPDATE - 2025-12-30 03:09:00
============================================================
Status: Running
Current Cell: Unknown
============================================================

Next check in 10 minutes... (Iteration 39)

============================================================
 TRAINING PROGRESS UPDATE - 2025-12-30 03:19:00
============================================================
Status: Running
Current Cell: Unknown
============================================================

Next check in 10 minutes... (Iteration 40)

============================================================
 TRAINING PROGRESS UPDATE - 2025-12-30 03:29:00
============================================================
Status: Running
Current Cell: Unknown
============================================================

Next check in 10 minutes... (Iteration 41)

============================================================
 TRAINING PROGRESS UPDATE - 2025-12-30 03:39:00
============================================================
Status: Running
Current Cell: Unknown
============================================================

Next check in 10 minutes... (Iteration 42)

============================================================
 TRAINING PROGRESS UPDATE - 2025-12-30 03:49:00
============================================================
Status: Running
Current Cell: Unknown
============================================================

Next check in 10 minutes... (Iteration 43)

============================================================
 TRAINING PROGRESS UPDATE - 2025-12-30 03:59:00
============================================================
Status: Running
Current Cell: Unknown
============================================================

Next check in 10 minutes... (Iteration 44)

============================================================
 TRAINING PROGRESS UPDATE - 2025-12-30 04:09:00
============================================================
Status: Running
Current Cell: Unknown
============================================================

Next check in 10 minutes... (Iteration 45)

============================================================
 TRAINING PROGRESS UPDATE - 2025-12-30 04:19:00
============================================================
Status: Running
Current Cell: Unknown
============================================================

Next check in 10 minutes... (Iteration 46)

============================================================
 TRAINING PROGRESS UPDATE - 2025-12-30 04:29:00
============================================================
Status: Running
Current Cell: Unknown
============================================================

Next check in 10 minutes... (Iteration 47)

============================================================
 TRAINING PROGRESS UPDATE - 2025-12-30 04:39:00
============================================================
Status: Running
Current Cell: Unknown
============================================================

Next check in 10 minutes... (Iteration 48)

============================================================
 TRAINING PROGRESS UPDATE - 2025-12-30 07:06:59
============================================================
Status: Running
Current Cell: Unknown
============================================================

Next check in 10 minutes... (Iteration 49)

============================================================
 TRAINING PROGRESS UPDATE - 2025-12-30 07:16:59
============================================================
Status: Running
Current Cell: Unknown
============================================================

Next check in 10 minutes... (Iteration 50)

============================================================
 TRAINING PROGRESS UPDATE - 2025-12-30 07:26:59
============================================================
Status: Running
Current Cell: Unknown
============================================================
